[2025-05-24 13:47:56Z INFO HostContext] No proxy settings were found based on environmental variables (http_proxy/https_proxy/HTTP_PROXY/HTTPS_PROXY)
[2025-05-24 13:47:56Z INFO HostContext] Well known directory 'Bin': '/home/william/Coursera/Advanced_Embedded_Linux_Development/1-Intro_to_linux_system_programming_and_toolchains/Task_1/assignment-1-WilliamSanchez/actions-runner/bin'
[2025-05-24 13:47:56Z INFO HostContext] Well known directory 'Root': '/home/william/Coursera/Advanced_Embedded_Linux_Development/1-Intro_to_linux_system_programming_and_toolchains/Task_1/assignment-1-WilliamSanchez/actions-runner'
[2025-05-24 13:47:56Z INFO HostContext] Well known config file 'Credentials': '/home/william/Coursera/Advanced_Embedded_Linux_Development/1-Intro_to_linux_system_programming_and_toolchains/Task_1/assignment-1-WilliamSanchez/actions-runner/.credentials'
[2025-05-24 13:47:56Z INFO HostContext] Well known directory 'Bin': '/home/william/Coursera/Advanced_Embedded_Linux_Development/1-Intro_to_linux_system_programming_and_toolchains/Task_1/assignment-1-WilliamSanchez/actions-runner/bin'
[2025-05-24 13:47:56Z INFO HostContext] Well known directory 'Root': '/home/william/Coursera/Advanced_Embedded_Linux_Development/1-Intro_to_linux_system_programming_and_toolchains/Task_1/assignment-1-WilliamSanchez/actions-runner'
[2025-05-24 13:47:56Z INFO HostContext] Well known config file 'Runner': '/home/william/Coursera/Advanced_Embedded_Linux_Development/1-Intro_to_linux_system_programming_and_toolchains/Task_1/assignment-1-WilliamSanchez/actions-runner/.runner'
[2025-05-24 13:47:56Z INFO Listener] Runner is built for Linux (X64) - linux-x64.
[2025-05-24 13:47:56Z INFO Listener] RuntimeInformation: Ubuntu 24.04.2 LTS.
[2025-05-24 13:47:56Z INFO Listener] Version: 2.324.0
[2025-05-24 13:47:56Z INFO Listener] Commit: da3412efd49b1cf1a0fbdcbcee4e4ac4cc2177c8
[2025-05-24 13:47:56Z INFO Listener] Culture: en-US
[2025-05-24 13:47:56Z INFO Listener] UI Culture: en-US
[2025-05-24 13:47:56Z INFO HostContext] Well known directory 'Bin': '/home/william/Coursera/Advanced_Embedded_Linux_Development/1-Intro_to_linux_system_programming_and_toolchains/Task_1/assignment-1-WilliamSanchez/actions-runner/bin'
[2025-05-24 13:47:56Z INFO HostContext] Well known directory 'Root': '/home/william/Coursera/Advanced_Embedded_Linux_Development/1-Intro_to_linux_system_programming_and_toolchains/Task_1/assignment-1-WilliamSanchez/actions-runner'
[2025-05-24 13:47:56Z INFO Listener] Validating directory permissions for: '/home/william/Coursera/Advanced_Embedded_Linux_Development/1-Intro_to_linux_system_programming_and_toolchains/Task_1/assignment-1-WilliamSanchez/actions-runner'
[2025-05-24 13:47:56Z INFO CommandLineParser] Parse
[2025-05-24 13:47:56Z INFO CommandLineParser] Parsing 5 args
[2025-05-24 13:47:56Z INFO CommandLineParser] parsing argument
[2025-05-24 13:47:56Z INFO CommandLineParser] HasArgs: False
[2025-05-24 13:47:56Z INFO CommandLineParser] Adding Command: configure
[2025-05-24 13:47:56Z INFO CommandLineParser] parsing argument
[2025-05-24 13:47:56Z INFO CommandLineParser] HasArgs: True
[2025-05-24 13:47:56Z INFO CommandLineParser] arg: url
[2025-05-24 13:47:56Z INFO CommandLineParser] parsing argument
[2025-05-24 13:47:56Z INFO CommandLineParser] HasArgs: True
[2025-05-24 13:47:56Z INFO CommandLineParser] Adding option 'url': 'https://github.com/cu-ecen-aeld/assignment-1-WilliamSanchez'
[2025-05-24 13:47:56Z INFO CommandLineParser] parsing argument
[2025-05-24 13:47:56Z INFO CommandLineParser] HasArgs: True
[2025-05-24 13:47:56Z INFO CommandLineParser] arg: token
[2025-05-24 13:47:56Z INFO CommandLineParser] parsing argument
[2025-05-24 13:47:56Z INFO CommandLineParser] HasArgs: True
[2025-05-24 13:47:56Z INFO CommandLineParser] Adding option 'token': '***'
[2025-05-24 13:47:56Z INFO Listener] Arguments parsed
[2025-05-24 13:47:56Z INFO Runner] ExecuteCommand
[2025-05-24 13:47:56Z INFO ConfigurationStore] currentAssemblyLocation: /home/william/Coursera/Advanced_Embedded_Linux_Development/1-Intro_to_linux_system_programming_and_toolchains/Task_1/assignment-1-WilliamSanchez/actions-runner/bin/Runner.Listener.dll
[2025-05-24 13:47:56Z INFO HostContext] Well known directory 'Bin': '/home/william/Coursera/Advanced_Embedded_Linux_Development/1-Intro_to_linux_system_programming_and_toolchains/Task_1/assignment-1-WilliamSanchez/actions-runner/bin'
[2025-05-24 13:47:56Z INFO ConfigurationStore] binPath: /home/william/Coursera/Advanced_Embedded_Linux_Development/1-Intro_to_linux_system_programming_and_toolchains/Task_1/assignment-1-WilliamSanchez/actions-runner/bin
[2025-05-24 13:47:56Z INFO HostContext] Well known directory 'Bin': '/home/william/Coursera/Advanced_Embedded_Linux_Development/1-Intro_to_linux_system_programming_and_toolchains/Task_1/assignment-1-WilliamSanchez/actions-runner/bin'
[2025-05-24 13:47:56Z INFO HostContext] Well known directory 'Root': '/home/william/Coursera/Advanced_Embedded_Linux_Development/1-Intro_to_linux_system_programming_and_toolchains/Task_1/assignment-1-WilliamSanchez/actions-runner'
[2025-05-24 13:47:56Z INFO ConfigurationStore] RootFolder: /home/william/Coursera/Advanced_Embedded_Linux_Development/1-Intro_to_linux_system_programming_and_toolchains/Task_1/assignment-1-WilliamSanchez/actions-runner
[2025-05-24 13:47:56Z INFO HostContext] Well known directory 'Bin': '/home/william/Coursera/Advanced_Embedded_Linux_Development/1-Intro_to_linux_system_programming_and_toolchains/Task_1/assignment-1-WilliamSanchez/actions-runner/bin'
[2025-05-24 13:47:56Z INFO HostContext] Well known directory 'Root': '/home/william/Coursera/Advanced_Embedded_Linux_Development/1-Intro_to_linux_system_programming_and_toolchains/Task_1/assignment-1-WilliamSanchez/actions-runner'
[2025-05-24 13:47:56Z INFO HostContext] Well known config file 'Runner': '/home/william/Coursera/Advanced_Embedded_Linux_Development/1-Intro_to_linux_system_programming_and_toolchains/Task_1/assignment-1-WilliamSanchez/actions-runner/.runner'
[2025-05-24 13:47:56Z INFO ConfigurationStore] ConfigFilePath: /home/william/Coursera/Advanced_Embedded_Linux_Development/1-Intro_to_linux_system_programming_and_toolchains/Task_1/assignment-1-WilliamSanchez/actions-runner/.runner
[2025-05-24 13:47:56Z INFO HostContext] Well known directory 'Bin': '/home/william/Coursera/Advanced_Embedded_Linux_Development/1-Intro_to_linux_system_programming_and_toolchains/Task_1/assignment-1-WilliamSanchez/actions-runner/bin'
[2025-05-24 13:47:56Z INFO HostContext] Well known directory 'Root': '/home/william/Coursera/Advanced_Embedded_Linux_Development/1-Intro_to_linux_system_programming_and_toolchains/Task_1/assignment-1-WilliamSanchez/actions-runner'
[2025-05-24 13:47:56Z INFO HostContext] Well known config file 'MigratedRunner': '/home/william/Coursera/Advanced_Embedded_Linux_Development/1-Intro_to_linux_system_programming_and_toolchains/Task_1/assignment-1-WilliamSanchez/actions-runner/.runner_migrated'
[2025-05-24 13:47:56Z INFO ConfigurationStore] MigratedConfigFilePath: /home/william/Coursera/Advanced_Embedded_Linux_Development/1-Intro_to_linux_system_programming_and_toolchains/Task_1/assignment-1-WilliamSanchez/actions-runner/.runner_migrated
[2025-05-24 13:47:56Z INFO HostContext] Well known directory 'Bin': '/home/william/Coursera/Advanced_Embedded_Linux_Development/1-Intro_to_linux_system_programming_and_toolchains/Task_1/assignment-1-WilliamSanchez/actions-runner/bin'
[2025-05-24 13:47:56Z INFO HostContext] Well known directory 'Root': '/home/william/Coursera/Advanced_Embedded_Linux_Development/1-Intro_to_linux_system_programming_and_toolchains/Task_1/assignment-1-WilliamSanchez/actions-runner'
[2025-05-24 13:47:56Z INFO HostContext] Well known config file 'Credentials': '/home/william/Coursera/Advanced_Embedded_Linux_Development/1-Intro_to_linux_system_programming_and_toolchains/Task_1/assignment-1-WilliamSanchez/actions-runner/.credentials'
[2025-05-24 13:47:56Z INFO ConfigurationStore] CredFilePath: /home/william/Coursera/Advanced_Embedded_Linux_Development/1-Intro_to_linux_system_programming_and_toolchains/Task_1/assignment-1-WilliamSanchez/actions-runner/.credentials
[2025-05-24 13:47:56Z INFO HostContext] Well known directory 'Bin': '/home/william/Coursera/Advanced_Embedded_Linux_Development/1-Intro_to_linux_system_programming_and_toolchains/Task_1/assignment-1-WilliamSanchez/actions-runner/bin'
[2025-05-24 13:47:56Z INFO HostContext] Well known directory 'Root': '/home/william/Coursera/Advanced_Embedded_Linux_Development/1-Intro_to_linux_system_programming_and_toolchains/Task_1/assignment-1-WilliamSanchez/actions-runner'
[2025-05-24 13:47:56Z INFO HostContext] Well known config file 'MigratedCredentials': '/home/william/Coursera/Advanced_Embedded_Linux_Development/1-Intro_to_linux_system_programming_and_toolchains/Task_1/assignment-1-WilliamSanchez/actions-runner/.credentials_migrated'
[2025-05-24 13:47:56Z INFO ConfigurationStore] MigratedCredFilePath: /home/william/Coursera/Advanced_Embedded_Linux_Development/1-Intro_to_linux_system_programming_and_toolchains/Task_1/assignment-1-WilliamSanchez/actions-runner/.credentials_migrated
[2025-05-24 13:47:56Z INFO HostContext] Well known directory 'Bin': '/home/william/Coursera/Advanced_Embedded_Linux_Development/1-Intro_to_linux_system_programming_and_toolchains/Task_1/assignment-1-WilliamSanchez/actions-runner/bin'
[2025-05-24 13:47:56Z INFO HostContext] Well known directory 'Root': '/home/william/Coursera/Advanced_Embedded_Linux_Development/1-Intro_to_linux_system_programming_and_toolchains/Task_1/assignment-1-WilliamSanchez/actions-runner'
[2025-05-24 13:47:56Z INFO HostContext] Well known config file 'Service': '/home/william/Coursera/Advanced_Embedded_Linux_Development/1-Intro_to_linux_system_programming_and_toolchains/Task_1/assignment-1-WilliamSanchez/actions-runner/.service'
[2025-05-24 13:47:56Z INFO ConfigurationStore] ServiceConfigFilePath: /home/william/Coursera/Advanced_Embedded_Linux_Development/1-Intro_to_linux_system_programming_and_toolchains/Task_1/assignment-1-WilliamSanchez/actions-runner/.service
[2025-05-24 13:47:56Z INFO CommandSettings] Flag 'help': 'False'
[2025-05-24 13:47:56Z INFO CommandSettings] Flag 'version': 'False'
[2025-05-24 13:47:56Z INFO CommandSettings] Flag 'commit': 'False'
[2025-05-24 13:47:56Z INFO CommandSettings] Flag 'check': 'False'
[2025-05-24 13:47:56Z INFO CommandSettings] Command 'configure': 'True'
[2025-05-24 13:47:56Z INFO Terminal] WRITE LINE: 
[2025-05-24 13:47:56Z INFO Terminal] WRITE LINE: --------------------------------------------------------------------------------
[2025-05-24 13:47:56Z INFO Terminal] WRITE LINE: |        ____ _ _   _   _       _          _        _   _                      |
[2025-05-24 13:47:56Z INFO Terminal] WRITE LINE: |       / ___(_) |_| | | |_   _| |__      / \   ___| |_(_) ___  _ __  ___      |
[2025-05-24 13:47:56Z INFO Terminal] WRITE LINE: |      | |  _| | __| |_| | | | | '_ \    / _ \ / __| __| |/ _ \| '_ \/ __|     |
[2025-05-24 13:47:56Z INFO Terminal] WRITE LINE: |      | |_| | | |_|  _  | |_| | |_) |  / ___ \ (__| |_| | (_) | | | \__ \     |
[2025-05-24 13:47:56Z INFO Terminal] WRITE LINE: |       \____|_|\__|_| |_|\__,_|_.__/  /_/   \_\___|\__|_|\___/|_| |_|___/     |
[2025-05-24 13:47:56Z INFO Terminal] WRITE LINE: |                                                                              |
[2025-05-24 13:47:56Z INFO Terminal] WRITE: |                       
[2025-05-24 13:47:56Z INFO Terminal] WRITE: Self-hosted runner registration
[2025-05-24 13:47:56Z INFO Terminal] WRITE LINE:                         |
[2025-05-24 13:47:56Z INFO Terminal] WRITE LINE: |                                                                              |
[2025-05-24 13:47:56Z INFO Terminal] WRITE LINE: --------------------------------------------------------------------------------
[2025-05-24 13:47:56Z INFO ConfigurationManager] ConfigureAsync
[2025-05-24 13:47:56Z INFO CommandSettings] Flag 'generateServiceConfig': 'False'
[2025-05-24 13:47:56Z INFO ConfigurationStore] IsConfigured()
[2025-05-24 13:47:56Z INFO ConfigurationStore] IsConfigured: False
[2025-05-24 13:47:56Z INFO ConfigurationManager] Is configured: False
[2025-05-24 13:47:56Z INFO CommandSettings] Arg 'url': 'https://github.com/cu-ecen-aeld/assignment-1-WilliamSanchez'
[2025-05-24 13:47:56Z INFO CommandSettings] Remove url from Arg dictionary.
[2025-05-24 13:47:56Z INFO CommandSettings] Arg 'token': '***'
[2025-05-24 13:47:56Z INFO CommandSettings] Remove token from Arg dictionary.
[2025-05-24 13:47:57Z INFO ConfigurationManager] Http response code: OK from 'POST https://api.github.com/actions/runner-registration' (C2A4:1F9564:13F191:1AA4A1:6831CE0C)
[2025-05-24 13:47:57Z INFO ConfigurationManager] Using V2 flow: False
[2025-05-24 13:47:57Z INFO ConfigurationManager] cred retrieved via GitHub auth
[2025-05-24 13:47:57Z INFO RunnerServer] EstablishVssConnection
[2025-05-24 13:47:57Z INFO RunnerServer] Establish connection with 100 seconds timeout.
[2025-05-24 13:47:57Z INFO GitHubActionsService] Starting operation Location.GetConnectionData
[2025-05-24 13:47:57Z INFO RunnerServer] EstablishVssConnection
[2025-05-24 13:47:57Z INFO RunnerServer] Establish connection with 60 seconds timeout.
[2025-05-24 13:47:57Z INFO GitHubActionsService] Starting operation Location.GetConnectionData
[2025-05-24 13:47:57Z INFO RunnerServer] EstablishVssConnection
[2025-05-24 13:47:57Z INFO RunnerServer] Establish connection with 60 seconds timeout.
[2025-05-24 13:47:57Z INFO GitHubActionsService] Starting operation Location.GetConnectionData
[2025-05-24 13:47:58Z INFO GitHubActionsService] Finished operation Location.GetConnectionData
[2025-05-24 13:47:58Z INFO GitHubActionsService] Finished operation Location.GetConnectionData
[2025-05-24 13:47:58Z INFO GitHubActionsService] Finished operation Location.GetConnectionData
[2025-05-24 13:47:58Z INFO Terminal] WRITE LINE: 
[2025-05-24 13:47:58Z INFO ConfigurationManager] Test Connection complete.
[2025-05-24 13:47:58Z INFO HostContext] Well known directory 'Bin': '/home/william/Coursera/Advanced_Embedded_Linux_Development/1-Intro_to_linux_system_programming_and_toolchains/Task_1/assignment-1-WilliamSanchez/actions-runner/bin'
[2025-05-24 13:47:58Z INFO HostContext] Well known directory 'Root': '/home/william/Coursera/Advanced_Embedded_Linux_Development/1-Intro_to_linux_system_programming_and_toolchains/Task_1/assignment-1-WilliamSanchez/actions-runner'
[2025-05-24 13:47:58Z INFO HostContext] Well known config file 'RSACredentials': '/home/william/Coursera/Advanced_Embedded_Linux_Development/1-Intro_to_linux_system_programming_and_toolchains/Task_1/assignment-1-WilliamSanchez/actions-runner/.credentials_rsaparams'
[2025-05-24 13:47:58Z INFO RSAFileKeyManager] Creating new RSA key using 2048-bit key length
[2025-05-24 13:47:58Z INFO RSAFileKeyManager] Successfully saved RSA key parameters to file /home/william/Coursera/Advanced_Embedded_Linux_Development/1-Intro_to_linux_system_programming_and_toolchains/Task_1/assignment-1-WilliamSanchez/actions-runner/.credentials_rsaparams
[2025-05-24 13:47:58Z INFO RSAFileKeyManager] Which2: 'chmod'
[2025-05-24 13:47:58Z INFO RSAFileKeyManager] Location: '/usr/bin/chmod'
[2025-05-24 13:47:58Z INFO HostContext] Well known directory 'Bin': '/home/william/Coursera/Advanced_Embedded_Linux_Development/1-Intro_to_linux_system_programming_and_toolchains/Task_1/assignment-1-WilliamSanchez/actions-runner/bin'
[2025-05-24 13:47:58Z INFO HostContext] Well known directory 'Root': '/home/william/Coursera/Advanced_Embedded_Linux_Development/1-Intro_to_linux_system_programming_and_toolchains/Task_1/assignment-1-WilliamSanchez/actions-runner'
[2025-05-24 13:47:58Z INFO ProcessInvokerWrapper] Starting process:
[2025-05-24 13:47:58Z INFO ProcessInvokerWrapper]   File name: '/usr/bin/chmod'
[2025-05-24 13:47:58Z INFO ProcessInvokerWrapper]   Arguments: '600 /home/william/Coursera/Advanced_Embedded_Linux_Development/1-Intro_to_linux_system_programming_and_toolchains/Task_1/assignment-1-WilliamSanchez/actions-runner/.credentials_rsaparams'
[2025-05-24 13:47:58Z INFO ProcessInvokerWrapper]   Working directory: '/home/william/Coursera/Advanced_Embedded_Linux_Development/1-Intro_to_linux_system_programming_and_toolchains/Task_1/assignment-1-WilliamSanchez/actions-runner'
[2025-05-24 13:47:58Z INFO ProcessInvokerWrapper]   Require exit code zero: 'False'
[2025-05-24 13:47:58Z INFO ProcessInvokerWrapper]   Encoding web name:  ; code page: ''
[2025-05-24 13:47:58Z INFO ProcessInvokerWrapper]   Force kill process on cancellation: 'False'
[2025-05-24 13:47:58Z INFO ProcessInvokerWrapper]   Redirected STDIN: 'False'
[2025-05-24 13:47:58Z INFO ProcessInvokerWrapper]   Persist current code page: 'False'
[2025-05-24 13:47:58Z INFO ProcessInvokerWrapper]   Keep redirected STDIN open: 'False'
[2025-05-24 13:47:58Z INFO ProcessInvokerWrapper]   High priority process: 'False'
[2025-05-24 13:47:58Z INFO ProcessInvokerWrapper] Process started with process id 13082, waiting for process exit.
[2025-05-24 13:47:58Z INFO ProcessInvokerWrapper] STDOUT/STDERR stream read finished.
[2025-05-24 13:47:58Z INFO ProcessInvokerWrapper] STDOUT/STDERR stream read finished.
[2025-05-24 13:47:58Z INFO ProcessInvokerWrapper] Finished process 13082 with exit code 0, and elapsed time 00:00:00.0069829.
[2025-05-24 13:47:58Z INFO RSAFileKeyManager] Successfully set permissions for RSA key parameters file /home/william/Coursera/Advanced_Embedded_Linux_Development/1-Intro_to_linux_system_programming_and_toolchains/Task_1/assignment-1-WilliamSanchez/actions-runner/.credentials_rsaparams
[2025-05-24 13:47:59Z INFO CommandSettings] Arg 'runnergroup': ''
[2025-05-24 13:47:59Z INFO CommandSettings] Flag 'unattended': 'False'
[2025-05-24 13:47:59Z INFO PromptManager] ReadValue
[2025-05-24 13:47:59Z INFO Terminal] WRITE: Enter the name of the runner group to add this runner to: 
[2025-05-24 13:47:59Z INFO Terminal] WRITE: [press Enter for Default] 
[2025-05-24 13:47:59Z INFO Terminal] READ LINE
[2025-05-24 13:48:05Z INFO Terminal] Read value: 'william'
[2025-05-24 13:48:05Z INFO Terminal] WRITE LINE: 
[2025-05-24 13:48:05Z ERR  Runner] GitHub.DistributedTask.WebApi.TaskAgentPoolNotFoundException: Could not find any self-hosted runner group named "william".
   at GitHub.Runner.Listener.Configuration.ConfigurationManager.ConfigureAsync(CommandSettings command)
   at GitHub.Runner.Listener.Runner.ExecuteCommand(CommandSettings command)
[2025-05-24 13:48:05Z ERR  Terminal] WRITE ERROR: Could not find any self-hosted runner group named "william".
[2025-05-24 13:48:05Z INFO Listener] Runner execution has finished with return code 1
